<?xml version="1.0" encoding="UTF-8"?>
<!-- Generated by org.testng.reporters.JUnitReportReporter -->
<testsuite name="tests.PharmacyTabTest" tests="1" time="2.922" ignored="0" failures="0" timestamp="10 Apr 2017 13:01:06 GMT" skipped="0" hostname="user-P5K" errors="0">
  <testcase name="checkPresenceOfElements" time="2.922" classname="tests.PharmacyTabTest"/>
</testsuite> <!-- tests.PharmacyTabTest -->
