<?xml version="1.0" encoding="UTF-8"?>
<!-- Generated by org.testng.reporters.JUnitReportReporter -->
<testsuite name="tests.AptekaTabTests" tests="7" time="7.299" ignored="0" failures="0" timestamp="10 Apr 2017 13:01:06 GMT" skipped="0" hostname="user-P5K" errors="0">
  <testcase name="sortForTimeDescending" time="1.051" classname="tests.AptekaTabTests"/>
  <testcase name="showWorkHours" time="2.034" classname="tests.AptekaTabTests"/>
  <testcase name="sortForPriceAscending" time="0.890" classname="tests.AptekaTabTests"/>
  <testcase name="sortForTimeAscending" time="1.130" classname="tests.AptekaTabTests"/>
  <testcase name="sortForOstatokAscending" time="0.784" classname="tests.AptekaTabTests"/>
  <testcase name="sortForPriceDescending" time="0.708" classname="tests.AptekaTabTests"/>
  <testcase name="sortForOstatokDescending" time="0.702" classname="tests.AptekaTabTests"/>
</testsuite> <!-- tests.AptekaTabTests -->
