<?xml version="1.0" encoding="UTF-8"?>
<!-- Generated by org.testng.reporters.JUnitReportReporter -->
<testsuite name="Tests.SortTestForStartPage" tests="7" time="4.609" ignored="0" failures="0" timestamp="10 Mar 2017 06:55:18 GMT" skipped="0" hostname="user-P5K" errors="0">
  <testcase name="sortForOstatokDescending" time="0.247" classname="Tests.SortTestForStartPage"/>
  <testcase name="sortForPriceAscending" time="0.706" classname="Tests.SortTestForStartPage"/>
  <testcase name="showWorkHours" time="2.027" classname="Tests.SortTestForStartPage"/>
  <testcase name="sortForPriceDescending" time="0.223" classname="Tests.SortTestForStartPage"/>
  <testcase name="sortForTimeDescending" time="0.321" classname="Tests.SortTestForStartPage"/>
  <testcase name="sortForOstatokAscending" time="0.474" classname="Tests.SortTestForStartPage"/>
  <testcase name="sortForTimeAscending" time="0.611" classname="Tests.SortTestForStartPage"/>
</testsuite> <!-- Tests.SortTestForStartPage -->
