<?xml version="1.0" encoding="UTF-8"?>
<!-- Generated by org.testng.reporters.JUnitReportReporter -->
<testsuite name="tests.AptekaTabTests" tests="7" time="7.455" ignored="0" failures="0" timestamp="10 Apr 2017 14:38:31 GMT" skipped="0" hostname="user-P5K" errors="0">
  <testcase name="sortForOstatokAscending" time="0.863" classname="tests.AptekaTabTests"/>
  <testcase name="showWorkHours" time="2.058" classname="tests.AptekaTabTests"/>
  <testcase name="sortForOstatokDescending" time="0.708" classname="tests.AptekaTabTests"/>
  <testcase name="sortForPriceAscending" time="0.906" classname="tests.AptekaTabTests"/>
  <testcase name="sortForPriceDescending" time="0.698" classname="tests.AptekaTabTests"/>
  <testcase name="sortForTimeAscending" time="1.179" classname="tests.AptekaTabTests"/>
  <testcase name="sortForTimeDescending" time="1.043" classname="tests.AptekaTabTests"/>
</testsuite> <!-- tests.AptekaTabTests -->
