<?xml version="1.0" encoding="UTF-8"?>
<!-- Generated by org.testng.reporters.JUnitReportReporter -->
<testsuite name="Tests.ShowListOfAptekas" tests="1" time="2.810" ignored="0" failures="0" timestamp="10 Mar 2017 06:55:18 GMT" skipped="0" hostname="user-P5K" errors="0">
  <testcase name="receiveListOfAptek" time="2.810" classname="Tests.ShowListOfAptekas"/>
</testsuite> <!-- Tests.ShowListOfAptekas -->
