<?xml version="1.0" encoding="UTF-8"?>
<!-- Generated by org.testng.reporters.JUnitReportReporter -->
<testsuite name="tests.PharmacyTabTest" tests="1" time="1.138" ignored="0" failures="0" timestamp="10 Apr 2017 14:38:31 GMT" skipped="0" hostname="user-P5K" errors="0">
  <testcase name="checkPresenceOfElements" time="1.138" classname="tests.PharmacyTabTest"/>
</testsuite> <!-- tests.PharmacyTabTest -->
